<?xml version="1.0" encoding="UTF-8"?>
<!-- Generated by org.testng.reporters.JUnitXMLReporter -->
<testsuite hostname="Home-pc" name="Test" tests="3" failures="3" timestamp="10 Jun 2020 07:40:38 GMT" time="64.353" errors="0">
  <testcase name="actiValidLoginTest" time="4.598" classname="com.actitime.loginTests.ActiValidLoginTest">
    <failure type="java.lang.AssertionError" message="expected [actiTIME - Enter Time-Track] but found [actiTIME - Login]">
      <![CDATA[java.lang.AssertionError: expected [actiTIME - Enter Time-Track] but found [actiTIME - Login]
	at com.actitime.genericLib.WebDriverCommonLib.verifyPage(WebDriverCommonLib.java:88)
	at com.actitime.loginTests.ActiValidLoginTest.actiValidLoginTest(ActiValidLoginTest.java:39)
... Removed 31 stack frames]]>
    </failure>
  </testcase> <!-- actiValidLoginTest -->
  <testcase name="createUserTest" time="1.182" classname="com.actitime.Users.CreateUsers">
    <failure type="java.lang.AssertionError" message="expected [actiTIME - Enter Time-Track] but found [actiTIME - Login]">
      <![CDATA[java.lang.AssertionError: expected [actiTIME - Enter Time-Track] but found [actiTIME - Login]
	at com.actitime.genericLib.WebDriverCommonLib.verifyPage(WebDriverCommonLib.java:88)
	at com.actitime.Users.CreateUsers.createUserTest(CreateUsers.java:28)
... Removed 31 stack frames]]>
    </failure>
  </testcase> <!-- createUserTest -->
  <testcase name="actiInvalidLoginTest" time="10.017" classname="com.actitime.loginTests.ActiInavalidLoginTest">
    <failure type="org.openqa.selenium.NoSuchElementException" message="Cannot locate an element using xpath=//span[.=&amp;apos;Username or Password is invalid. Please try again.&amp;apos;]
For documentation on this error, please visit: https://www.seleniumhq.org/exceptions/no_such_element.html
Build info: version: &amp;apos;3.141.59&amp;apos;, revision: &amp;apos;e82be7d358&amp;apos;, time: &amp;apos;2018-11-14T08:25:48&amp;apos;
System info: host: &amp;apos;HOME-PC&amp;apos;, ip: &amp;apos;192.168.8.1&amp;apos;, os.name: &amp;apos;Windows 8.1&amp;apos;, os.arch: &amp;apos;x86&amp;apos;, os.version: &amp;apos;6.3&amp;apos;, java.version: &amp;apos;1.8.0_231&amp;apos;
Driver info: driver.version: RemoteWebDriver">
      <![CDATA[org.openqa.selenium.NoSuchElementException: Cannot locate an element using xpath=//span[.='Username or Password is invalid. Please try again.']
For documentation on this error, please visit: https://www.seleniumhq.org/exceptions/no_such_element.html
Build info: version: '3.141.59', revision: 'e82be7d358', time: '2018-11-14T08:25:48'
System info: host: 'HOME-PC', ip: '192.168.8.1', os.name: 'Windows 8.1', os.arch: 'x86', os.version: '6.3', java.version: '1.8.0_231'
Driver info: driver.version: RemoteWebDriver
	at org.openqa.selenium.remote.RemoteWebDriver.findElement(RemoteWebDriver.java:327)
	at org.openqa.selenium.remote.RemoteWebDriver.findElementByXPath(RemoteWebDriver.java:428)
	at org.openqa.selenium.By$ByXPath.findElement(By.java:353)
	at org.openqa.selenium.remote.RemoteWebDriver.findElement(RemoteWebDriver.java:315)
	at org.openqa.selenium.support.pagefactory.DefaultElementLocator.findElement(DefaultElementLocator.java:69)
	at org.openqa.selenium.support.pagefactory.internal.LocatingElementHandler.invoke(LocatingElementHandler.java:38)
	at com.sun.proxy.$Proxy8.isDisplayed(Unknown Source)
	at com.actitime.genericLib.WebDriverCommonLib.elementDisplayed(WebDriverCommonLib.java:94)
	at com.actitime.loginTests.ActiInavalidLoginTest.actiInvalidLoginTest(ActiInavalidLoginTest.java:20)
... Removed 25 stack frames]]>
    </failure>
  </testcase> <!-- actiInvalidLoginTest -->
</testsuite> <!-- Test -->
